saved: 想飞的石头 

saved: 杨军 

saved: helen.wan 

saved: 毛毛雨 

saved: 杨嘉琦 

saved: 谢照东 

saved: 夏华夏 

saved: 傅俊彦 

saved: Jack Young 

saved: 杜广杰 

saved: 司马懿 

saved: 李佳飞 

saved: 宋伯阳 

saved: 小船99 

saved: 青越 

saved: 小蓓 

saved: 北琼枝 

saved: MMing 

saved: flag 

saved: 赵少伟 

saved: gjden 

saved: phrack 

saved: 田渊栋 

saved: 刘峻涵 

saved: CoreWar 

saved: universes 

saved: 阿里聚安全 

saved: 阿里云云栖社区 

saved: Lydia 

saved: Erica 

saved: D调码农 

saved: 小明 

saved: Yulin Wu 

saved: BrianRWang 

saved: Brian 

saved: Julie Luo 

saved: name what 

saved: 安心 

saved: 张昊 

saved: 十号胖狐狸 

saved: 李一诺 

saved: 秋葵 

saved: Andy 

saved: 筱欢 

saved: 体能师老崔 

saved: 死者代言人 

saved: 大萌 

saved: 天然呆 

saved: 刘晖 

saved: 刘晖 

saved: 牛姐 

saved: 北斗星 

saved: 臣亮言 

saved: 黄培 

saved: 吴小巫 

saved: fahayek 

saved: Helianthus 

saved: 落水的阿喀琉斯 

saved: Sincostan98 

saved: 岚湜 

saved: 序四时 

saved: april 

saved: 半岛君 

saved: 曾加 

saved: 唐风之钰 

saved: 茜茜 

saved: 杨通卓 

saved: 升c小调的王聿洲 

saved: 黄颖梅 

saved: 温柔的张先森 

saved: 一生为荣 

saved: Edward 

saved: 小姑娘 

saved: 小青年 

saved: 谢枫馨 

saved: 嗲赵 

saved: Gracia 

saved: lyzy 

saved: Steve.Tan 

saved: GourmandSwitzerland 

saved: lilin 

saved: Mingsan Chen 

saved: 孤独患者xx 

saved: 逗比能手王翠花 

saved: 尼姑朋友 

saved: 钱品聚 

saved: 乾阳出世 

saved: 荔枝 

saved: 施云杰 

saved: Artoria Pendragon 

saved: 和泉紗霧 

saved: Searl Galan 

saved: 先知先觉 

saved: 三千木瓜 

saved: AfraSun 

saved: 合肥李秀玲设计师 

saved: 杨沁雨 

saved: 舒畅 

saved: WJY 

saved: William X 

saved: 空空然 

saved: 深夜徐老师 

saved: 张居正2.0 

saved: 常凯申 

saved: extends Zou 

saved: 坏蛋 

saved: 腰花 

saved: 围观的胖次i 

saved: 不忽不攸 

saved: 朝闻道 

saved: 意折 

saved: 假装是萝莉 

saved: li helen 

saved: 下河佬 

saved: 2323 

saved: 得未曾有 

saved: 刘成强 

saved: 胧月 

saved: 洪老爷 

saved: 马布狸 

saved: 数据冰山 

saved: 朱天鑫 

saved: Felix 

saved: 分析李 

saved: 偏右 

saved: 大漠穷秋 

saved: 柳如婳 

saved: 周十也 

saved: 凉皮 

saved: 有一只鸽 

saved: UX的家长里短 

saved: 孙志超 

saved: NiSS 

saved: 马利 

saved: 景林夕 

saved: 好冻症儿童 

saved: 荔枝Eisa 

saved: 可风 

saved: 李傲文 

saved: Bonnie 

saved: sylvia 

saved: 南风 

saved: 寺主人 

saved: 向日葵小姐 

saved: luckystar 

saved: Cyril Colin 

saved: WareLay 

saved: 行吟中学生 

saved: 朱青生 

saved: Botao Amber Hu 

saved: 金药 

saved: 正态分布 

saved: qwqxrt 

saved: hahahann 

saved: 美羊羊 

saved: 李淼 

saved: 王怡蕊 

saved: 赵鑫 

saved: PurpleLight 

error....http://www.zhihu.com/people/xu-wei-wen-72-47
saved: 万曾培 

saved: 脂可可 

saved: 陶韵 

saved: 观网影评人梁鹏飞 

saved: 网易浪潮工作室 

saved: 叮布志 

